# JRE version: Java(TM) SE Runtime Environment (17.0.12+8) (build 17.0.12+8-LTS-286)
# Java VM: Java HotSpot(TM) 64-Bit Server VM (17.0.12+8-LTS-286, mixed mode, sharing, tiered, compressed oops, compressed class ptrs, g1 gc, windows-amd64)
GC Precious Log:
 CPUs: 8 total, 8 available
 Memory: 7413M
 Large Page Support: Disabled
 NUMA Support: Disabled
 Compressed Oops: Enabled (32-bit)
 Heap Region Size: 1M
 Heap Min Capacity: 8M
 Heap Initial Capacity: 116M
 Heap Max Capacity: 1854M
 Pre-touch: Disabled
 Parallel Workers: 8
 Concurrent Workers: 2
 Concurrent Refinement Workers: 8
 Periodic GC: Disabled
Heap:
 garbage-first heap   total 76800K, used 38423K [0x000000008c200000, 0x0000000100000000)
  region size 1024K, 1 young (1024K), 1 survivors (1024K)
 Metaspace       used 70816K, committed 71424K, reserved 1114112K
  class space    used 9941K, committed 10240K, reserved 1048576K
GC Heap History (20 events):
Event: 20.072 GC heap after
{Heap after GC invocations=16 (full 0):
 garbage-first heap   total 55296K, used 26480K [0x000000008c200000, 0x0000000100000000)
  region size 1024K, 2 young (2048K), 2 survivors (2048K)
 Metaspace       used 58190K, committed 58688K, reserved 1114112K
  class space    used 7798K, committed 8000K, reserved 1048576K
}
Event: 21.083 GC heap before
{Heap before GC invocations=17 (full 0):
 garbage-first heap   total 55296K, used 43888K [0x000000008c200000, 0x0000000100000000)
  region size 1024K, 19 young (19456K), 2 survivors (2048K)
 Metaspace       used 61659K, committed 62144K, reserved 1114112K
  class space    used 8418K, committed 8640K, reserved 1048576K
}
Event: 21.086 GC heap after
{Heap after GC invocations=18 (full 0):
 garbage-first heap   total 55296K, used 27175K [0x000000008c200000, 0x0000000100000000)
  region size 1024K, 2 young (2048K), 2 survivors (2048K)
 Metaspace       used 61659K, committed 62144K, reserved 1114112K
  class space    used 8418K, committed 8640K, reserved 1048576K
}
Event: 21.952 GC heap before
{Heap before GC invocations=18 (full 0):
 garbage-first heap   total 55296K, used 42535K [0x000000008c200000, 0x0000000100000000)
  region size 1024K, 18 young (18432K), 2 survivors (2048K)
 Metaspace       used 65162K, committed 65792K, reserved 1114112K
  class space    used 8828K, committed 9152K, reserved 1048576K
}
Event: 21.956 GC heap after
{Heap after GC invocations=19 (full 0):
 garbage-first heap   total 55296K, used 28526K [0x000000008c200000, 0x0000000100000000)
  region size 1024K, 3 young (3072K), 3 survivors (3072K)
 Metaspace       used 65162K, committed 65792K, reserved 1114112K
  class space    used 8828K, committed 9152K, reserved 1048576K
}
Event: 22.971 GC heap before
{Heap before GC invocations=20 (full 0):
 garbage-first heap   total 55296K, used 42862K [0x000000008c200000, 0x0000000100000000)
  region size 1024K, 18 young (18432K), 3 survivors (3072K)
 Metaspace       used 68099K, committed 68672K, reserved 1114112K
  class space    used 9388K, committed 9664K, reserved 1048576K
}
Event: 22.976 GC heap after
{Heap after GC invocations=21 (full 0):
 garbage-first heap   total 55296K, used 29723K [0x000000008c200000, 0x0000000100000000)
  region size 1024K, 3 young (3072K), 3 survivors (3072K)
 Metaspace       used 68099K, committed 68672K, reserved 1114112K
  class space    used 9388K, committed 9664K, reserved 1048576K
}
Event: 23.052 GC heap before
{Heap before GC invocations=21 (full 0):
 garbage-first heap   total 55296K, used 30747K [0x000000008c200000, 0x0000000100000000)
  region size 1024K, 4 young (4096K), 3 survivors (3072K)
 Metaspace       used 68354K, committed 68928K, reserved 1114112K
  class space    used 9472K, committed 9792K, reserved 1048576K
}
Event: 23.055 GC heap after
{Heap after GC invocations=22 (full 0):
 garbage-first heap   total 55296K, used 29857K [0x000000008c200000, 0x0000000100000000)
  region size 1024K, 1 young (1024K), 1 survivors (1024K)
 Metaspace       used 68354K, committed 68928K, reserved 1114112K
  class space    used 9472K, committed 9792K, reserved 1048576K
}
Event: 23.379 GC heap before
{Heap before GC invocations=22 (full 0):
 garbage-first heap   total 55296K, used 44193K [0x000000008c200000, 0x0000000100000000)
  region size 1024K, 15 young (15360K), 1 survivors (1024K)
 Metaspace       used 69014K, committed 69632K, reserved 1114112K
  class space    used 9563K, committed 9856K, reserved 1048576K
}
Event: 23.381 GC heap after
{Heap after GC invocations=23 (full 0):
 garbage-first heap   total 55296K, used 30437K [0x000000008c200000, 0x0000000100000000)
  region size 1024K, 1 young (1024K), 1 survivors (1024K)
 Metaspace       used 69014K, committed 69632K, reserved 1114112K
  class space    used 9563K, committed 9856K, reserved 1048576K
}
Event: 23.629 GC heap before
{Heap before GC invocations=24 (full 0):
 garbage-first heap   total 56320K, used 44773K [0x000000008c200000, 0x0000000100000000)
  region size 1024K, 15 young (15360K), 1 survivors (1024K)
 Metaspace       used 69024K, committed 69632K, reserved 1114112K
  class space    used 9563K, committed 9856K, reserved 1048576K
}
Event: 23.632 GC heap after
{Heap after GC invocations=25 (full 0):
 garbage-first heap   total 56320K, used 30985K [0x000000008c200000, 0x0000000100000000)
  region size 1024K, 2 young (2048K), 2 survivors (2048K)
 Metaspace       used 69024K, committed 69632K, reserved 1114112K
  class space    used 9563K, committed 9856K, reserved 1048576K
}
Event: 24.044 GC heap before
{Heap before GC invocations=25 (full 0):
 garbage-first heap   total 56320K, used 44297K [0x000000008c200000, 0x0000000100000000)
  region size 1024K, 16 young (16384K), 2 survivors (2048K)
 Metaspace       used 70801K, committed 71424K, reserved 1114112K
  class space    used 9941K, committed 10240K, reserved 1048576K
}
Event: 24.048 GC heap after
{Heap after GC invocations=26 (full 0):
 garbage-first heap   total 56320K, used 32478K [0x000000008c200000, 0x0000000100000000)
  region size 1024K, 2 young (2048K), 2 survivors (2048K)
 Metaspace       used 70801K, committed 71424K, reserved 1114112K
  class space    used 9941K, committed 10240K, reserved 1048576K
}
Event: 24.390 GC heap before
{Heap before GC invocations=26 (full 0):
 garbage-first heap   total 56320K, used 45790K [0x000000008c200000, 0x0000000100000000)
  region size 1024K, 15 young (15360K), 2 survivors (2048K)
 Metaspace       used 70810K, committed 71424K, reserved 1114112K
  class space    used 9941K, committed 10240K, reserved 1048576K
}
Event: 24.395 GC heap after
{Heap after GC invocations=27 (full 0):
 garbage-first heap   total 56320K, used 36771K [0x000000008c200000, 0x0000000100000000)
  region size 1024K, 2 young (2048K), 2 survivors (2048K)
 Metaspace       used 70810K, committed 71424K, reserved 1114112K
  class space    used 9941K, committed 10240K, reserved 1048576K
}
Event: 24.494 GC heap before
{Heap before GC invocations=27 (full 0):
 garbage-first heap   total 56320K, used 44963K [0x000000008c200000, 0x0000000100000000)
  region size 1024K, 10 young (10240K), 2 survivors (2048K)
 Metaspace       used 70812K, committed 71424K, reserved 1114112K
  class space    used 9941K, committed 10240K, reserved 1048576K
}
Event: 24.497 GC heap after
{Heap after GC invocations=28 (full 0):
 garbage-first heap   total 56320K, used 38226K [0x000000008c200000, 0x0000000100000000)
  region size 1024K, 2 young (2048K), 2 survivors (2048K)
 Metaspace       used 70812K, committed 71424K, reserved 1114112K
  class space    used 9941K, committed 10240K, reserved 1048576K
}
Event: 24.561 GC heap before
{Heap before GC invocations=28 (full 0):
 garbage-first heap   total 76800K, used 44370K [0x000000008c200000, 0x0000000100000000)
  region size 1024K, 8 young (8192K), 2 survivors (2048K)
 Metaspace       used 70816K, committed 71424K, reserved 1114112K
  class space    used 9941K, committed 10240K, reserved 1048576K
}

