# JRE version: Java(TM) SE Runtime Environment (17.0.12+8) (build 17.0.12+8-LTS-286)
# Java VM: Java HotSpot(TM) 64-Bit Server VM (17.0.12+8-LTS-286, mixed mode, sharing, tiered, compressed oops, compressed class ptrs, g1 gc, windows-amd64)
GC Precious Log:
 CPUs: 8 total, 8 available
 Memory: 7413M
 Large Page Support: Disabled
 NUMA Support: Disabled
 Compressed Oops: Enabled (32-bit)
 Heap Region Size: 1M
 Heap Min Capacity: 8M
 Heap Initial Capacity: 116M
 Heap Max Capacity: 1854M
 Pre-touch: Disabled
 Parallel Workers: 8
 Concurrent Workers: 2
 Concurrent Refinement Workers: 8
 Periodic GC: Disabled
Heap:
 garbage-first heap   total 58368K, used 44566K [0x000000008c200000, 0x0000000100000000)
  region size 1024K, 20 young (20480K), 3 survivors (3072K)
 Metaspace       used 66797K, committed 67328K, reserved 1114112K
  class space    used 9109K, committed 9344K, reserved 1048576K
GC Heap History (20 events):
Event: 12.551 GC heap before
{Heap before GC invocations=7 (full 0):
 garbage-first heap   total 58368K, used 40580K [0x000000008c200000, 0x0000000100000000)
  region size 1024K, 25 young (25600K), 2 survivors (2048K)
 Metaspace       used 31012K, committed 31488K, reserved 1114112K
  class space    used 4091K, committed 4288K, reserved 1048576K
}
Event: 12.556 GC heap after
{Heap after GC invocations=8 (full 0):
 garbage-first heap   total 58368K, used 20127K [0x000000008c200000, 0x0000000100000000)
  region size 1024K, 4 young (4096K), 4 survivors (4096K)
 Metaspace       used 31012K, committed 31488K, reserved 1114112K
  class space    used 4091K, committed 4288K, reserved 1048576K
}
Event: 14.826 GC heap before
{Heap before GC invocations=8 (full 0):
 garbage-first heap   total 58368K, used 41631K [0x000000008c200000, 0x0000000100000000)
  region size 1024K, 26 young (26624K), 4 survivors (4096K)
 Metaspace       used 33919K, committed 34368K, reserved 1114112K
  class space    used 4418K, committed 4672K, reserved 1048576K
}
Event: 14.833 GC heap after
{Heap after GC invocations=9 (full 0):
 garbage-first heap   total 58368K, used 21747K [0x000000008c200000, 0x0000000100000000)
  region size 1024K, 2 young (2048K), 2 survivors (2048K)
 Metaspace       used 33919K, committed 34368K, reserved 1114112K
  class space    used 4418K, committed 4672K, reserved 1048576K
}
Event: 15.723 GC heap before
{Heap before GC invocations=9 (full 0):
 garbage-first heap   total 58368K, used 30963K [0x000000008c200000, 0x0000000100000000)
  region size 1024K, 12 young (12288K), 2 survivors (2048K)
 Metaspace       used 35658K, committed 36096K, reserved 1114112K
  class space    used 4650K, committed 4864K, reserved 1048576K
}
Event: 15.726 GC heap after
{Heap after GC invocations=10 (full 0):
 garbage-first heap   total 58368K, used 22017K [0x000000008c200000, 0x0000000100000000)
  region size 1024K, 2 young (2048K), 2 survivors (2048K)
 Metaspace       used 35658K, committed 36096K, reserved 1114112K
  class space    used 4650K, committed 4864K, reserved 1048576K
}
Event: 17.991 GC heap before
{Heap before GC invocations=11 (full 0):
 garbage-first heap   total 58368K, used 44545K [0x000000008c200000, 0x0000000100000000)
  region size 1024K, 24 young (24576K), 2 survivors (2048K)
 Metaspace       used 41099K, committed 41536K, reserved 1114112K
  class space    used 5544K, committed 5760K, reserved 1048576K
}
Event: 17.996 GC heap after
{Heap after GC invocations=12 (full 0):
 garbage-first heap   total 58368K, used 23549K [0x000000008c200000, 0x0000000100000000)
  region size 1024K, 3 young (3072K), 3 survivors (3072K)
 Metaspace       used 41099K, committed 41536K, reserved 1114112K
  class space    used 5544K, committed 5760K, reserved 1048576K
}
Event: 18.071 GC heap before
{Heap before GC invocations=12 (full 0):
 garbage-first heap   total 58368K, used 23549K [0x000000008c200000, 0x0000000100000000)
  region size 1024K, 4 young (4096K), 3 survivors (3072K)
 Metaspace       used 41621K, committed 42112K, reserved 1114112K
  class space    used 5584K, committed 5824K, reserved 1048576K
}
Event: 18.074 GC heap after
{Heap after GC invocations=13 (full 0):
 garbage-first heap   total 58368K, used 23493K [0x000000008c200000, 0x0000000100000000)
  region size 1024K, 1 young (1024K), 1 survivors (1024K)
 Metaspace       used 41621K, committed 42112K, reserved 1114112K
  class space    used 5584K, committed 5824K, reserved 1048576K
}
Event: 20.655 GC heap before
{Heap before GC invocations=13 (full 0):
 garbage-first heap   total 58368K, used 43973K [0x000000008c200000, 0x0000000100000000)
  region size 1024K, 22 young (22528K), 1 survivors (1024K)
 Metaspace       used 50050K, committed 50560K, reserved 1114112K
  class space    used 6630K, committed 6848K, reserved 1048576K
}
Event: 20.659 GC heap after
{Heap after GC invocations=14 (full 0):
 garbage-first heap   total 58368K, used 25474K [0x000000008c200000, 0x0000000100000000)
  region size 1024K, 3 young (3072K), 3 survivors (3072K)
 Metaspace       used 50050K, committed 50560K, reserved 1114112K
  class space    used 6630K, committed 6848K, reserved 1048576K
}
Event: 22.144 GC heap before
{Heap before GC invocations=14 (full 0):
 garbage-first heap   total 58368K, used 43906K [0x000000008c200000, 0x0000000100000000)
  region size 1024K, 22 young (22528K), 3 survivors (3072K)
 Metaspace       used 54397K, committed 54848K, reserved 1114112K
  class space    used 7179K, committed 7424K, reserved 1048576K
}
Event: 22.149 GC heap after
{Heap after GC invocations=15 (full 0):
 garbage-first heap   total 58368K, used 26516K [0x000000008c200000, 0x0000000100000000)
  region size 1024K, 2 young (2048K), 2 survivors (2048K)
 Metaspace       used 54397K, committed 54848K, reserved 1114112K
  class space    used 7179K, committed 7424K, reserved 1048576K
}
Event: 23.629 GC heap before
{Heap before GC invocations=15 (full 0):
 garbage-first heap   total 58368K, used 45972K [0x000000008c200000, 0x0000000100000000)
  region size 1024K, 21 young (21504K), 2 survivors (2048K)
 Metaspace       used 59768K, committed 60288K, reserved 1114112K
  class space    used 8086K, committed 8320K, reserved 1048576K
}
Event: 23.631 GC heap after
{Heap after GC invocations=16 (full 0):
 garbage-first heap   total 58368K, used 26987K [0x000000008c200000, 0x0000000100000000)
  region size 1024K, 2 young (2048K), 2 survivors (2048K)
 Metaspace       used 59768K, committed 60288K, reserved 1114112K
  class space    used 8086K, committed 8320K, reserved 1048576K
}
Event: 23.659 GC heap before
{Heap before GC invocations=16 (full 0):
 garbage-first heap   total 58368K, used 26987K [0x000000008c200000, 0x0000000100000000)
  region size 1024K, 3 young (3072K), 2 survivors (2048K)
 Metaspace       used 59963K, committed 60480K, reserved 1114112K
  class space    used 8113K, committed 8384K, reserved 1048576K
}
Event: 23.662 GC heap after
{Heap after GC invocations=17 (full 0):
 garbage-first heap   total 58368K, used 27015K [0x000000008c200000, 0x0000000100000000)
  region size 1024K, 2 young (2048K), 2 survivors (2048K)
 Metaspace       used 59963K, committed 60480K, reserved 1114112K
  class space    used 8113K, committed 8384K, reserved 1048576K
}
Event: 25.120 GC heap before
{Heap before GC invocations=18 (full 0):
 garbage-first heap   total 58368K, used 46471K [0x000000008c200000, 0x0000000100000000)
  region size 1024K, 22 young (22528K), 2 survivors (2048K)
 Metaspace       used 63757K, committed 64384K, reserved 1114112K
  class space    used 8681K, committed 8960K, reserved 1048576K
}
Event: 25.124 GC heap after
{Heap after GC invocations=19 (full 0):
 garbage-first heap   total 58368K, used 28182K [0x000000008c200000, 0x0000000100000000)
  region size 1024K, 3 young (3072K), 3 survivors (3072K)
 Metaspace       used 63757K, committed 64384K, reserved 1114112K
  class space    used 8681K, committed 8960K, reserved 1048576K
}

